<?xml version="1.0" encoding="UTF-8"?>
<!-- Generated by org.testng.reporters.JUnitReportReporter -->
<testsuite skipped="0" hostname="Rajus-MacBook-Pro-2.local" name="com.servicenow.qa.testcases.LoginPageTest" tests="3" failures="0" timestamp="2019-10-22T20:21:35 CDT" time="19.964" errors="0">
  <testcase name="loginPageTitleTest" time="5.748" classname="com.servicenow.qa.testcases.LoginPageTest"/>
  <testcase name="servicenowLogoImageTest" time="6.326" classname="com.servicenow.qa.testcases.LoginPageTest"/>
  <testcase name="loginTest" time="7.890" classname="com.servicenow.qa.testcases.LoginPageTest"/>
</testsuite> <!-- com.servicenow.qa.testcases.LoginPageTest -->
