<?xml version="1.0" encoding="UTF-8"?>
<!-- Generated by org.testng.reporters.JUnitReportReporter -->
<testsuite skipped="0" hostname="Rajus-MacBook-Pro-2.local" name="com.servicenow.qa.testcases.HomePageTest" tests="1" failures="0" timestamp="2019-10-23T20:00:39 CDT" time="11.854" errors="0">
  <testcase name="verifyCreateUserLink" time="11.854" classname="com.servicenow.qa.testcases.HomePageTest"/>
</testsuite> <!-- com.servicenow.qa.testcases.HomePageTest -->
