<?xml version="1.0" encoding="UTF-8"?>
<!-- Generated by org.testng.reporters.JUnitReportReporter -->
<testsuite skipped="0" hostname="Rajus-MacBook-Pro-2.local" name="com.servicenow.qa.testcases.NeedItCreatePageTest" tests="1" failures="0" timestamp="2019-10-23T11:03:52 CDT" time="11.316" errors="0">
  <testcase name="setDate" time="11.316" classname="com.servicenow.qa.testcases.NeedItCreatePageTest"/>
</testsuite> <!-- com.servicenow.qa.testcases.NeedItCreatePageTest -->
